<?xml version="1.0" encoding="UTF-8"?>
<testsuite name="axion.common.model.BlockRegionTest" tests="5" skipped="0" failures="0" errors="0" timestamp="2026-03-17T09:14:38.204Z" hostname="CASTLEDKING" time="0.002">
  <properties/>
  <testcase name="expand face does not shrink when target stays inside region()" classname="axion.common.model.BlockRegionTest" time="0.0"/>
  <testcase name="remap corner recovers interior anchor toward nearest boundary()" classname="axion.common.model.BlockRegionTest" time="0.0"/>
  <testcase name="expand face grows outward to outside target()" classname="axion.common.model.BlockRegionTest" time="0.001"/>
  <testcase name="remap corner keeps first corner on expanded west face()" classname="axion.common.model.BlockRegionTest" time="0.0"/>
  <testcase name="extend face grows exactly one block outward()" classname="axion.common.model.BlockRegionTest" time="0.001"/>
  <system-out><![CDATA[]]></system-out>
  <system-err><![CDATA[]]></system-err>
</testsuite>
