<?xml version="1.0" encoding="UTF-8"?>
<testsuite name="axion.client.selection.SelectionBoundsTest" tests="7" skipped="0" failures="0" errors="0" timestamp="2026-03-17T09:14:38.151Z" hostname="CASTLEDKING" time="0.051">
  <properties/>
  <testcase name="outward face toward chooses up when target is only above region()" classname="axion.client.selection.SelectionBoundsTest" time="0.047"/>
  <testcase name="raycast face uses exit face when camera starts inside region()" classname="axion.client.selection.SelectionBoundsTest" time="0.001"/>
  <testcase name="outward face toward prefers horizontal face in equal gap tie()" classname="axion.client.selection.SelectionBoundsTest" time="0.001"/>
  <testcase name="raycast face picks up face from above()" classname="axion.client.selection.SelectionBoundsTest" time="0.001"/>
  <testcase name="raycast face picks west entry face()" classname="axion.client.selection.SelectionBoundsTest" time="0.0"/>
  <testcase name="outward face toward prefers clicked side over unrelated downward axis()" classname="axion.client.selection.SelectionBoundsTest" time="0.001"/>
  <testcase name="outward face toward prefers adjacent side over vertical offset()" classname="axion.client.selection.SelectionBoundsTest" time="0.0"/>
  <system-out><![CDATA[]]></system-out>
  <system-err><![CDATA[]]></system-err>
</testsuite>
